<?xml version="1.0" encoding="UTF-8"?>
<!-- Generated by org.testng.reporters.JUnitReportReporter -->
<testsuite hostname="IG-M-851" failures="0" tests="5" name="com.psd.selenium.Growtech_Regi_TwoDimentional" time="62.930" errors="0" timestamp="2025-10-12T18:32:06 IST" skipped="0">
  <testcase classname="com.psd.selenium.Growtech_Regi_TwoDimentional" name="getchregidetails_twodimentional" time="11.932"/>
  <testcase classname="com.psd.selenium.Growtech_Regi_TwoDimentional" name="getchregidetails_twodimentional" time="17.459"/>
  <testcase classname="com.psd.selenium.Growtech_Regi_TwoDimentional" name="getchregidetails_twodimentional" time="8.832"/>
  <testcase classname="com.psd.selenium.Growtech_Regi_TwoDimentional" name="getchregidetails_twodimentional" time="10.119"/>
  <testcase classname="com.psd.selenium.Growtech_Regi_TwoDimentional" name="getchregidetails_twodimentional" time="14.588"/>
</testsuite> <!-- com.psd.selenium.Growtech_Regi_TwoDimentional -->
