<?xml version="1.0" encoding="UTF-8"?>
<!-- Generated by org.testng.reporters.JUnitReportReporter -->
<testsuite hostname="IG-M-851" failures="0" tests="5" name="com.psd.selenium.Amazon_Search_TwoDimentional2" time="77.258" errors="0" timestamp="2025-10-12T11:18:23 IST" skipped="0">
  <testcase classname="com.psd.selenium.Amazon_Search_TwoDimentional2" name="amazonsearch_twodimentional" time="16.849"/>
  <testcase classname="com.psd.selenium.Amazon_Search_TwoDimentional2" name="amazonsearch_twodimentional" time="15.571"/>
  <testcase classname="com.psd.selenium.Amazon_Search_TwoDimentional2" name="amazonsearch_twodimentional" time="16.381"/>
  <testcase classname="com.psd.selenium.Amazon_Search_TwoDimentional2" name="amazonsearch_twodimentional" time="16.374"/>
  <testcase classname="com.psd.selenium.Amazon_Search_TwoDimentional2" name="amazonsearch_twodimentional" time="12.083"/>
</testsuite> <!-- com.psd.selenium.Amazon_Search_TwoDimentional2 -->
