<?xml version="1.0" encoding="UTF-8"?>
<!-- Generated by org.testng.reporters.JUnitReportReporter -->
<testsuite hostname="IG-M-851" failures="0" tests="1" name="com.psd.selenium.GoogleSearch_WithDataProvider" time="7.100" errors="0" timestamp="2025-10-11T21:27:58 IST" skipped="0">
  <testcase classname="com.psd.selenium.GoogleSearch_WithDataProvider" name="googlesearch" time="7.100"/>
</testsuite> <!-- com.psd.selenium.GoogleSearch_WithDataProvider -->
