<?xml version="1.0" encoding="UTF-8"?>
<!-- Generated by org.testng.reporters.JUnitReportReporter -->
<testsuite hostname="IG-M-851" failures="0" tests="5" name="com.psd.selenium.YahooSearch_WithDataProvider" time="51.693" errors="0" timestamp="2025-10-11T22:11:07 IST" skipped="0">
  <testcase classname="com.psd.selenium.YahooSearch_WithDataProvider" name="yahoosearch1" time="12.922"/>
  <testcase classname="com.psd.selenium.YahooSearch_WithDataProvider" name="yahoosearch1" time="8.885"/>
  <testcase classname="com.psd.selenium.YahooSearch_WithDataProvider" name="yahoosearch1" time="10.986"/>
  <testcase classname="com.psd.selenium.YahooSearch_WithDataProvider" name="yahoosearch1" time="8.209"/>
  <testcase classname="com.psd.selenium.YahooSearch_WithDataProvider" name="yahoosearch1" time="10.691"/>
</testsuite> <!-- com.psd.selenium.YahooSearch_WithDataProvider -->
