<?xml version="1.0" encoding="UTF-8"?>
<!-- Generated by org.testng.reporters.JUnitReportReporter -->
<testsuite hostname="IG-M-851" failures="0" tests="3" name="com.psd.selenium.YahooSearch_WithDataProvider_Screenshots" time="25.135" errors="0" timestamp="2025-10-15T23:11:56 IST" skipped="0">
  <testcase classname="com.psd.selenium.YahooSearch_WithDataProvider_Screenshots" name="yahoosearch1" time="8.821"/>
  <testcase classname="com.psd.selenium.YahooSearch_WithDataProvider_Screenshots" name="yahoosearch1" time="7.963"/>
  <testcase classname="com.psd.selenium.YahooSearch_WithDataProvider_Screenshots" name="yahoosearch1" time="8.351"/>
</testsuite> <!-- com.psd.selenium.YahooSearch_WithDataProvider_Screenshots -->
