<?xml version="1.0" encoding="UTF-8"?>
<!-- Generated by org.testng.reporters.JUnitReportReporter -->
<testsuite hostname="IG-M-851" failures="0" tests="1" name="com.psd.listener.TestCase1" time="8.412" errors="0" timestamp="2025-10-16T00:25:05 IST" skipped="0">
  <testcase classname="com.psd.listener.TestCase1" name="testcase1" time="8.412">
    <system-out>
      <![CDATA[Test case is passed.]]>
    </system-out>
  </testcase> <!-- testcase1 -->
  <system-out>
    <![CDATA[Test case is passed.]]>
  </system-out>
</testsuite> <!-- com.psd.listener.TestCase1 -->
