<?xml version="1.0" encoding="UTF-8"?>
<!-- Generated by org.testng.reporters.JUnitReportReporter -->
<testsuite hostname="IG-M-851" failures="0" tests="5" name="com.psd.selenium.Facebook_Login_TwoDimentional" time="51.315" errors="0" timestamp="2025-10-12T10:40:32 IST" skipped="0">
  <testcase classname="com.psd.selenium.Facebook_Login_TwoDimentional" name="fblogin_twodimentional" time="13.047"/>
  <testcase classname="com.psd.selenium.Facebook_Login_TwoDimentional" name="fblogin_twodimentional" time="9.249"/>
  <testcase classname="com.psd.selenium.Facebook_Login_TwoDimentional" name="fblogin_twodimentional" time="9.957"/>
  <testcase classname="com.psd.selenium.Facebook_Login_TwoDimentional" name="fblogin_twodimentional" time="9.933"/>
  <testcase classname="com.psd.selenium.Facebook_Login_TwoDimentional" name="fblogin_twodimentional" time="9.129"/>
</testsuite> <!-- com.psd.selenium.Facebook_Login_TwoDimentional -->
